#
# There is insufficient memory for the Java Runtime Environment to continue.
# Native memory allocation (malloc) failed to allocate 1048576 bytes for AllocateHeap
# Possible reasons:
#   The system is out of physical RAM or swap space
#   The process is running with CompressedOops enabled, and the Java Heap may be blocking the growth of the native heap
# Possible solutions:
#   Reduce memory load on the system
#   Increase physical memory or swap space
#   Check if swap backing store is full
#   Decrease Java heap size (-Xmx/-Xms)
#   Decrease number of Java threads
#   Decrease Java thread stack sizes (-Xss)
#   Set larger code cache with -XX:ReservedCodeCacheSize=
#   JVM is running with Unscaled Compressed Oops mode in which the Java heap is
#     placed in the first 4GB address space. The Java Heap base address is the
#     maximum limit for the native heap growth. Please use -XX:HeapBaseMinAddress
#     to set the Java Heap base and to place the Java Heap above 4GB virtual address.
# This output file may be truncated or incomplete.
#
#  Out of Memory Error (./open/src/hotspot/share/memory/allocation.cpp:44), pid=10692, tid=3452
#
# JRE version:  (14.0.1+7) (build )
# Java VM: Java HotSpot(TM) 64-Bit Server VM (14.0.1+7, mixed mode, sharing, tiered, compressed oops, g1 gc, windows-amd64)
# No core dump will be written. Minidumps are not enabled by default on client versions of Windows
#

---------------  S U M M A R Y ------------

Command Line: -Dfile.encoding=MS949 com.tistory.musit.MilitaryLifeCalculator.Main

Host: Intel(R) Core(TM) i5-8500 CPU @ 3.00GHz, 6 cores, 3G,  Windows 10 , 64 bit Build 18362 (10.0.18362.959)
Time: Sat Jul 18 14:59:28 2020 ¢¥eCN©öI¡¾©ö C¡ÍA¨ª¨öA elapsed time: 0 seconds (0d 0h 0m 0s)

---------------  T H R E A D  ---------------

Current thread (0x00000220c611b000):  JavaThread "Unknown thread" [_thread_in_vm, id=3452, stack(0x000000e117300000,0x000000e117400000)]

Stack: [0x000000e117300000,0x000000e117400000]
Native frames: (J=compiled Java code, j=interpreted, Vv=VM code, C=native code)
V  [jvm.dll+0x5f840a]
V  [jvm.dll+0x741e4a]
V  [jvm.dll+0x7435ff]
V  [jvm.dll+0x743c43]
V  [jvm.dll+0x20d288]
V  [jvm.dll+0xa2b2f]
V  [jvm.dll+0x2a97f3]
V  [jvm.dll+0x2a1a3c]
V  [jvm.dll+0x71f718]
V  [jvm.dll+0x321c44]
V  [jvm.dll+0x700b0c]
V  [jvm.dll+0x392dff]
V  [jvm.dll+0x394e71]
C  [jli.dll+0x523b]
C  [ucrtbase.dll+0x20e82]
C  [KERNEL32.DLL+0x17bd4]
C  [ntdll.dll+0x6ce51]


---------------  P R O C E S S  ---------------

Threads class SMR info:
_java_thread_list=0x00007ffd70da3078, length=0, elements={
}

Java Threads: ( => current thread )

Other Threads:
  0x00000220c614c000 GCTaskThread "GC Thread#0" [stack: 0x000000e117400000,0x000000e117500000] [id=2000]

[error occurred during error reporting (printing all threads), id 0xc0000005, EXCEPTION_ACCESS_VIOLATION (0xc0000005) at pc=0x00007ffd705ce220]

VM state:not at safepoint (not fully initialized)

VM Mutex/Monitor currently owned by a thread:  ([mutex/lock_event])
[0x00000220c6116720] Heap_lock - owner thread: 0x00000220c611b000

Heap address: 0x00000000c4000000, size: 960 MB, Compressed Oops mode: 32-bit
Narrow klass base: 0x0000000000000000, Narrow klass shift: 0

GC Heap History (0 events):
No events

Deoptimization events (0 events):
No events

Classes unloaded (0 events):
No events

Classes redefined (0 events):
No events

Internal exceptions (0 events):
No events

Events (2 events):
Event: 0.006 Loaded shared library C:\Program Files\Java\jdk-14.0.1\bin\java.dll
Event: 0.006 Loaded shared library C:\Program Files\Java\jdk-14.0.1\bin\zip.dll


Dynamic libraries:
0x00007ff6d7950000 - 0x00007ff6d795f000 	C:\Program Files\Java\jdk-14.0.1\bin\javaw.exe
0x00007ffdc1b80000 - 0x00007ffdc1d70000 	C:\WINDOWS\SYSTEM32\ntdll.dll
0x00007ffdc1680000 - 0x00007ffdc1732000 	C:\WINDOWS\System32\KERNEL32.DLL
0x00007ffdbee30000 - 0x00007ffdbf0d4000 	C:\WINDOWS\System32\KERNELBASE.dll
0x00007ffdbeb50000 - 0x00007ffdbec4a000 	C:\WINDOWS\System32\ucrtbase.dll
0x00007ffd9f120000 - 0x00007ffd9f138000 	C:\Program Files\Java\jdk-14.0.1\bin\jli.dll
0x00007ffda2b40000 - 0x00007ffda2b55000 	C:\Program Files\Java\jdk-14.0.1\bin\VCRUNTIME140.dll
0x00007ffdc1740000 - 0x00007ffdc17e3000 	C:\WINDOWS\System32\ADVAPI32.dll
0x00007ffdc1920000 - 0x00007ffdc19be000 	C:\WINDOWS\System32\msvcrt.dll
0x00007ffdc1310000 - 0x00007ffdc13a7000 	C:\WINDOWS\System32\sechost.dll
0x00007ffdc13b0000 - 0x00007ffdc14d0000 	C:\WINDOWS\System32\RPCRT4.dll
0x00007ffdc0350000 - 0x00007ffdc04e4000 	C:\WINDOWS\System32\USER32.dll
0x00007ffdbf350000 - 0x00007ffdbf371000 	C:\WINDOWS\System32\win32u.dll
0x00007ffdc0320000 - 0x00007ffdc0346000 	C:\WINDOWS\System32\GDI32.dll
0x00007ffdbf0e0000 - 0x00007ffdbf276000 	C:\WINDOWS\System32\gdi32full.dll
0x00007ffdbfb90000 - 0x00007ffdbfc2e000 	C:\WINDOWS\System32\msvcp_win.dll
0x00007ffdad770000 - 0x00007ffdad9f4000 	C:\WINDOWS\WinSxS\amd64_microsoft.windows.common-controls_6595b64144ccf1df_6.0.18362.959_none_e6c7bbbf130c62bb\COMCTL32.dll
0x00007ffdbffe0000 - 0x00007ffdc0315000 	C:\WINDOWS\System32\combase.dll
0x00007ffdbf380000 - 0x00007ffdbf400000 	C:\WINDOWS\System32\bcryptPrimitives.dll
0x00007ffdb97c0000 - 0x00007ffdb97ca000 	C:\WINDOWS\SYSTEM32\VERSION.dll
0x00007ffdc0560000 - 0x00007ffdc058e000 	C:\WINDOWS\System32\IMM32.DLL
0x00007ffd9b320000 - 0x00007ffd9b3bb000 	C:\Program Files\Java\jdk-14.0.1\bin\msvcp140.dll
0x00007ffd70320000 - 0x00007ffd70e3e000 	C:\Program Files\Java\jdk-14.0.1\bin\server\jvm.dll
0x00007ffdc04f0000 - 0x00007ffdc04f8000 	C:\WINDOWS\System32\PSAPI.DLL
0x00007ffda4490000 - 0x00007ffda4499000 	C:\WINDOWS\SYSTEM32\WSOCK32.dll
0x00007ffdbcb50000 - 0x00007ffdbcb74000 	C:\WINDOWS\SYSTEM32\WINMM.dll
0x00007ffdbfdc0000 - 0x00007ffdbfe2f000 	C:\WINDOWS\System32\WS2_32.dll
0x00007ffdbcb20000 - 0x00007ffdbcb4d000 	C:\WINDOWS\SYSTEM32\winmmbase.dll
0x00007ffdbeb00000 - 0x00007ffdbeb4a000 	C:\WINDOWS\System32\cfgmgr32.dll
0x00007ffdbeae0000 - 0x00007ffdbeaf1000 	C:\WINDOWS\System32\kernel.appcore.dll
0x00007ffda3e90000 - 0x00007ffda3e9a000 	C:\Program Files\Java\jdk-14.0.1\bin\jimage.dll
0x00007ffdada00000 - 0x00007ffdadbf4000 	C:\WINDOWS\SYSTEM32\DBGHELP.DLL
0x00007ffdad630000 - 0x00007ffdad65a000 	C:\WINDOWS\SYSTEM32\dbgcore.DLL
0x00007ffd99360000 - 0x00007ffd99385000 	C:\Program Files\Java\jdk-14.0.1\bin\java.dll
0x00007ffd9b420000 - 0x00007ffd9b436000 	C:\Program Files\Java\jdk-14.0.1\bin\zip.dll

dbghelp: loaded successfully - version: 4.0.5 - missing functions: none
symbol engine: initialized successfully - sym options: 0x614 - pdb path: .;C:\Program Files\Java\jdk-14.0.1\bin;C:\WINDOWS\SYSTEM32;C:\WINDOWS\WinSxS\amd64_microsoft.windows.common-controls_6595b64144ccf1df_6.0.18362.959_none_e6c7bbbf130c62bb;C:\Program Files\Java\jdk-14.0.1\bin\server

VM Arguments:
jvm_args: -Dfile.encoding=MS949 
java_command: com.tistory.musit.MilitaryLifeCalculator.Main
java_class_path (initial): C:\Users\ÅºÇö´ë´ë\Documents\Java\git\GUIPractice\bin
Launcher Type: SUN_STANDARD

[Global flags]
     intx CICompilerCount                          = 3                                         {product} {ergonomic}
     uint ConcGCThreads                            = 2                                         {product} {ergonomic}
     uint G1ConcRefinementThreads                  = 6                                         {product} {ergonomic}
   size_t G1HeapRegionSize                         = 1048576                                   {product} {ergonomic}
    uintx GCDrainStackTargetSize                   = 64                                        {product} {ergonomic}
   size_t InitialHeapSize                          = 62914560                                  {product} {ergonomic}
   size_t MarkStackSize                            = 4194304                                   {product} {ergonomic}
   size_t MaxHeapSize                              = 1006632960                                {product} {ergonomic}
   size_t MinHeapDeltaBytes                        = 1048576                                   {product} {ergonomic}
   size_t MinHeapSize                              = 8388608                                   {product} {ergonomic}
    uintx NonNMethodCodeHeapSize                   = 5832780                                {pd product} {ergonomic}
    uintx NonProfiledCodeHeapSize                  = 122912730                              {pd product} {ergonomic}
    uintx ProfiledCodeHeapSize                     = 122912730                              {pd product} {ergonomic}
    uintx ReservedCodeCacheSize                    = 251658240                              {pd product} {ergonomic}
     bool SegmentedCodeCache                       = true                                      {product} {ergonomic}
   size_t SoftMaxHeapSize                          = 1006632960                             {manageable} {ergonomic}
     bool UseCompressedClassPointers               = true                                 {lp64_product} {ergonomic}
     bool UseCompressedOops                        = true                                 {lp64_product} {ergonomic}
     bool UseG1GC                                  = true                                      {product} {ergonomic}
     bool UseLargePagesIndividualAllocation        = false                                  {pd product} {ergonomic}

Logging:
Log output configuration:
 #0: stdout all=warning uptime,level,tags
 #1: stderr all=off uptime,level,tags

Environment Variables:
JAVA_HOME=C:\Program Files\Java\jdk-14.0.1
PATH=C:/Program Files/Java/jdk-14.0.1/bin/server;C:/Program Files/Java/jdk-14.0.1/bin;C:\Program Files (x86)\Intel\Intel(R) Management Engine Components\iCLS\;C:\Program Files\Intel\Intel(R) Management Engine Components\iCLS\;C:\WINDOWS\system32;C:\WINDOWS;C:\WINDOWS\System32\Wbem;C:\WINDOWS\System32\WindowsPowerShell\v1.0\;C:\Program Files (x86)\Intel\Intel(R) Management Engine Components\DAL;C:\Program Files\Intel\Intel(R) Management Engine Components\DAL;C:\Program Files (x86)\Intel\Intel(R) Management Engine Components\IPT;C:\Program Files\Intel\Intel(R) Management Engine Components\IPT;C:\WINDOWS\System32\OpenSSH\;C:\Program Files\Java\jdk-14.0.1\bin\;C:\Users\ÅºÇö´ë´ë\AppData\Local\Microsoft\WindowsApps;;C:\Users\ÅºÇö´ë´ë\Downloads\eclipse-java-2020-06-R-win32-x86_64\eclipse;
USERNAME=ÅºÇö´ë´ë
OS=Windows_NT
PROCESSOR_IDENTIFIER=Intel64 Family 6 Model 158 Stepping 10, GenuineIntel



---------------  S Y S T E M  ---------------

OS: Windows 10 , 64 bit Build 18362 (10.0.18362.959)
OS uptime: 0 days 1:28 hours

CPU:total 6 (initial active 6) (6 cores per cpu, 1 threads per core) family 6 model 158 stepping 10, cmov, cx8, fxsr, mmx, sse, sse2, sse3, ssse3, sse4.1, sse4.2, popcnt, avx, avx2, aes, clmul, erms, rtm, 3dnowpref, lzcnt, tsc, tscinvbit, bmi1, bmi2, adx, fma

Memory: 4k page, system-wide physical 3836M (477M free)
TotalPageFile size 15612M (AvailPageFile size 5M)
current process WorkingSet (physical memory assigned to process): 10M, peak: 10M
current process commit charge ("private bytes"): 50M, peak: 51M

vm_info: Java HotSpot(TM) 64-Bit Server VM (14.0.1+7) for windows-amd64 JRE (14.0.1+7), built on Mar  5 2020 10:30:14 by "mach5one" with MS VC++ 15.9 (VS2017)

END.
